Login attempt: {"email":"admin@example.com","password":"password123","callbackUrl":"http://localhost:3000/login"}
Login attempt: {"email":"admin@example.com","password":"password123","callbackUrl":"http://localhost:3000/login"}
Login attempt: {"email":"admin@example.com","password":"password123","callbackUrl":"http://localhost:3000/login"}
Login attempt: {"email":"admin@example.com","password":"password123","callbackUrl":"http://localhost:3000/login"}
Login attempt: {"email":"admin@example.com","password":"password123","callbackUrl":"http://localhost:3000/login"}
Login attempt: {"email":"admin@example.com","password":"password123","callbackUrl":"http://localhost:3000/login"}
Login attempt: {"email":"admin@example.com","password":"password123","callbackUrl":"http://localhost:3000/login"}
Login attempt: {"email":"admin@example.com","password":"password123","callbackUrl":"http://localhost:3000/login"}
Login attempt: {"email":"admin@example.com","password":"password123","callbackUrl":"http://localhost:3000/login"}
Login attempt: {"email":"admin@example.com","password":"password123","callbackUrl":"http://localhost:3000/login"}
Login successful: admin@example.com
Login successful: admin@example.com
Login successful: admin@example.com
Login successful: admin@example.com
Login successful: admin@example.com
Login successful: admin@example.com
Login successful: admin@example.com
Login successful: admin@example.com
Login successful: admin@example.com
Login successful: admin@example.com
Login attempt: {"email":"admin@example.com","password":"password123","callbackUrl":"http://localhost:3000/login"}
Login attempt: {"email":"admin@example.com","password":"password123","callbackUrl":"http://localhost:3000/login"}
Login attempt: {"email":"admin@example.com","password":"password123","callbackUrl":"http://localhost:3000/login"}
Login attempt: {"email":"admin@example.com","password":"password123","callbackUrl":"http://localhost:3000/login"}
Login attempt: {"email":"admin@example.com","password":"password123","callbackUrl":"http://localhost:3000/login"}
Login attempt: {"email":"admin@example.com","password":"password123","callbackUrl":"http://localhost:3000/login"}
Login attempt: {"email":"admin@example.com","password":"password123","callbackUrl":"http://localhost:3000/login"}
Login attempt: {"email":"admin@example.com","password":"password123","callbackUrl":"http://localhost:3000/login"}
Login attempt: {"email":"admin@example.com","password":"password123","callbackUrl":"http://localhost:3000/login"}
Login attempt: {"email":"admin@example.com","password":"password123","callbackUrl":"http://localhost:3000/login"}
Login successful: admin@example.com
Login successful: admin@example.com
Login successful: admin@example.com
Login successful: admin@example.com
Login successful: admin@example.com
Login successful: admin@example.com
Login successful: admin@example.com
Login successful: admin@example.com
Login successful: admin@example.com
Login successful: admin@example.com
Login attempt: {"email":"admin@example.com","password":"password123","callbackUrl":"http://localhost:3000/login?callbackUrl=%2Fdashboard"}
Login attempt: {"email":"admin@example.com","password":"password123","callbackUrl":"http://localhost:3000/login?callbackUrl=%2Fdashboard"}
Login attempt: {"email":"admin@example.com","password":"password123","callbackUrl":"http://localhost:3000/login?callbackUrl=%2Fdashboard"}
Login attempt: {"email":"admin@example.com","password":"password123","callbackUrl":"http://localhost:3000/login?callbackUrl=%2Fdashboard"}
Login attempt: {"email":"admin@example.com","password":"password123","callbackUrl":"http://localhost:3000/login?callbackUrl=%2Fdashboard"}
Login attempt: {"email":"admin@example.com","password":"password123","callbackUrl":"http://localhost:3000/login?callbackUrl=%2Fdashboard"}
Login attempt: {"email":"admin@example.com","password":"password123","callbackUrl":"http://localhost:3000/login?callbackUrl=%2Fdashboard"}
Login attempt: {"email":"admin@example.com","password":"password123","callbackUrl":"http://localhost:3000/login?callbackUrl=%2Fdashboard"}
Login attempt: {"email":"admin@example.com","password":"password123","callbackUrl":"http://localhost:3000/login?callbackUrl=%2Fdashboard"}
Login successful: admin@example.com
Login successful: admin@example.com
Login successful: admin@example.com
Login successful: admin@example.com
Login successful: admin@example.com
Login successful: admin@example.com
Login successful: admin@example.com
Login successful: admin@example.com
Login successful: admin@example.com
Login attempt: {"email":"admin@example.com","password":"password123","callbackUrl":"http://localhost:3000/login?callbackUrl=%2Fdashboard"}
Login successful: admin@example.com
Login attempt: {"email":"admin@example.com","password":"password123","callbackUrl":"/dashboard"}
Login attempt: {"email":"admin@example.com","password":"password123","callbackUrl":"/dashboard"}
Login attempt: {"email":"admin@example.com","password":"password123","callbackUrl":"/dashboard"}
Login attempt: {"email":"admin@example.com","password":"password123","callbackUrl":"/dashboard"}
Login attempt: {"email":"admin@example.com","password":"password123","callbackUrl":"/dashboard"}
Login attempt: {"email":"admin@example.com","password":"password123","callbackUrl":"/dashboard"}
Login attempt: {"email":"admin@example.com","password":"password123","callbackUrl":"/dashboard"}
Login attempt: {"email":"admin@example.com","password":"password123","callbackUrl":"/dashboard"}
Login attempt: {"email":"admin@example.com","password":"password123","callbackUrl":"/dashboard"}
Login successful: admin@example.com
Login successful: admin@example.com
Login successful: admin@example.com
Login successful: admin@example.com
Login successful: admin@example.com
Login successful: admin@example.com
Login successful: admin@example.com
Login successful: admin@example.com
Login successful: admin@example.com
Login attempt: {"email":"admin@example.com","password":"password123","callbackUrl":"/dashboard"}
Login successful: admin@example.com
Login attempt: {"callbackUrl":"http://localhost:3000/login?callbackUrl=%2Fdashboard","email":"admin@example.com","password":"password123"}
Login attempt: {"callbackUrl":"http://localhost:3000/login?callbackUrl=%2Fdashboard","email":"admin@example.com","password":"password123"}
Login attempt: {"callbackUrl":"http://localhost:3000/login?callbackUrl=%2Fdashboard","email":"admin@example.com","password":"password123"}
Login attempt: {"callbackUrl":"http://localhost:3000/login?callbackUrl=%2Fdashboard","email":"admin@example.com","password":"password123"}
Login attempt: {"callbackUrl":"http://localhost:3000/login?callbackUrl=%2Fdashboard","email":"admin@example.com","password":"password123"}
Login attempt: {"callbackUrl":"http://localhost:3000/login?callbackUrl=%2Fdashboard","email":"admin@example.com","password":"password123"}
Login attempt: {"callbackUrl":"http://localhost:3000/login?callbackUrl=%2Fdashboard","email":"admin@example.com","password":"password123"}
Login attempt: {"callbackUrl":"http://localhost:3000/login?callbackUrl=%2Fdashboard","email":"admin@example.com","password":"password123"}
Login attempt: {"callbackUrl":"http://localhost:3000/login?callbackUrl=%2Fdashboard","email":"admin@example.com","password":"password123"}
Login attempt: {"callbackUrl":"http://localhost:3000/login?callbackUrl=%2Fdashboard","email":"admin@example.com","password":"password123"}
Login successful: admin@example.com
Login successful: admin@example.com
Login successful: admin@example.com
Login successful: admin@example.com
Login successful: admin@example.com
Login successful: admin@example.com
Login successful: admin@example.com
Login successful: admin@example.com
Login successful: admin@example.com
Login successful: admin@example.com
Login attempt: {"email":"admin@example.com","password":"password123","callbackUrl":"/dashboard"}
Login attempt: {"email":"admin@example.com","password":"password123","callbackUrl":"/dashboard"}
Login attempt: {"email":"admin@example.com","password":"password123","callbackUrl":"/dashboard"}
Login attempt: {"email":"admin@example.com","password":"password123","callbackUrl":"/dashboard"}
Login attempt: {"email":"admin@example.com","password":"password123","callbackUrl":"/dashboard"}
Login attempt: {"email":"admin@example.com","password":"password123","callbackUrl":"/dashboard"}
Login attempt: {"email":"admin@example.com","password":"password123","callbackUrl":"/dashboard"}
Login successful: admin@example.com
Login successful: admin@example.com
Login successful: admin@example.com
Login successful: admin@example.com
Login successful: admin@example.com
Login attempt: {"email":"admin@example.com","password":"password123","callbackUrl":"/dashboard"}
Login attempt: {"email":"admin@example.com","password":"password123","callbackUrl":"/dashboard"}
Login attempt: {"email":"admin@example.com","password":"password123","callbackUrl":"/dashboard"}
Login successful: admin@example.com
Login successful: admin@example.com
Login successful: admin@example.com
Login successful: admin@example.com
Login successful: admin@example.com
