
> auditforecaster@0.1.0 build
> next build

   Γû▓ Next.js 15.5.6
   - Environments: .env

   Creating an optimized production build ...
> [PWA] Compile server
> [PWA] Compile server
> [PWA] Compile client (static)
> [PWA] Auto register service worker with: C:\Users\shaun\Antigrabity Workspace\auditforecaster\node_modules\next-pwa\register.js
> [PWA] Service worker: C:\Users\shaun\Antigrabity Workspace\auditforecaster\public\sw.js
> [PWA]   url: /sw.js
> [PWA]   scope: /
 Γ£ô Compiled successfully in 9.3s
   Skipping linting
   Checking validity of types ...
   Collecting page data ...
   Generating static pages (0/59) ...
node.exe : 
TypeError: Cannot 
read properties of 
undefined (reading 
'call')
At line:1 char:1
+ & "C:\Program Files
\nodejs/node.exe" 
"C:\Program 
Files\nodejs/node_mo 
...
+ ~~~~~~~~~~~~~~~~~~~
~~~~~~~~~~~~~~~~~~~~~
~~~~~~~~~~~~~~~~~~~~~
~~~~~~~~
    + CategoryInfo   
           : NotSpe  
  cified: (TypeErr   
 or: Cann...readi    
ng 'call'):Strin    
g) [], RemoteExc    
eption
    + FullyQualified 
   ErrorId : Native  
  CommandError
 
    at Object.c [as 
require] (C:\Users\sh
aun\Antigrabity Works
pace\auditforecaster\
.next\server\webpack-
runtime.js:1:143)
Error occurred 
prerendering page 
"/_not-found". Read 
more: https://nextjs.
org/docs/messages/pre
render-error
TypeError: Cannot 
read properties of 
undefined (reading 
'call')
    at Object.c [as 
require] (C:\Users\sh
aun\Antigrabity Works
pace\auditforecaster\
.next\server\webpack-
runtime.js:1:143)
Export encountered 
an error on 
/_not-found/page: 
/_not-found, exiting 
the build.
 Γ¿» Next.js build 
worker exited with 
code: 1 and signal: 
null
